#
# There is insufficient memory for the Java Runtime Environment to continue.
# Native memory allocation (malloc) failed to allocate 849616 bytes for Chunk::new
# Possible reasons:
#   The system is out of physical RAM or swap space
#   In 32 bit mode, the process size limit was hit
# Possible solutions:
#   Reduce memory load on the system
#   Increase physical memory or swap space
#   Check if swap backing store is full
#   Use 64 bit Java on a 64 bit OS
#   Decrease Java heap size (-Xmx/-Xms)
#   Decrease number of Java threads
#   Decrease Java thread stack sizes (-Xss)
#   Set larger code cache with -XX:ReservedCodeCacheSize=
# This output file may be truncated or incomplete.
#
#  Out of Memory Error (allocation.cpp:390), pid=26680, tid=0x0000000000013f64
#
# JRE version: Java(TM) SE Runtime Environment (8.0_171-b11) (build 1.8.0_171-b11)
# Java VM: Java HotSpot(TM) 64-Bit Server VM (25.171-b11 mixed mode windows-amd64 compressed oops)
# Failed to write core dump. Minidumps are not enabled by default on client versions of Windows
#

---------------  T H R E A D  ---------------

Current thread (0x000000001b833000):  JavaThread "C2 CompilerThread1" daemon [_thread_in_native, id=81764, stack(0x000000001bd20000,0x000000001be20000)]

Stack: [0x000000001bd20000,0x000000001be20000]
[error occurred during error reporting (printing stack bounds), id 0xc0000005]

Native frames: (J=compiled Java code, j=interpreted, Vv=VM code, C=native code)


Current CompileTask:
C2:   7012 3510   !   4       java.net.URL::<init> (543 bytes)


---------------  P R O C E S S  ---------------

Java Threads: ( => current thread )
  0x000000001c53e800 JavaThread "Abandoned connection cleanup thread" daemon [_thread_blocked, id=35596, stack(0x0000000022660000,0x0000000022760000)]
  0x000000001fcd2800 JavaThread "Tomcat JDBC Pool Cleaner[414493378:1526903781001]" daemon [_thread_blocked, id=92460, stack(0x0000000021140000,0x0000000021240000)]
  0x0000000020373800 JavaThread "container-0" [_thread_blocked, id=56712, stack(0x0000000020d90000,0x0000000020e90000)]
  0x000000001c168000 JavaThread "ContainerBackgroundProcessor[StandardEngine[Tomcat]]" daemon [_thread_blocked, id=35136, stack(0x0000000020c90000,0x0000000020d90000)]
  0x0000000020a52800 JavaThread "localhost-startStop-1" daemon [_thread_blocked, id=58060, stack(0x0000000020b90000,0x0000000020c90000)]
  0x000000001ecb6000 JavaThread "Tomcat-startStop-1" daemon [_thread_blocked, id=20152, stack(0x000000001f490000,0x000000001f590000)]
  0x000000001b8db000 JavaThread "Service Thread" daemon [_thread_blocked, id=1140, stack(0x000000001bf20000,0x000000001c020000)]
  0x000000001b834000 JavaThread "C1 CompilerThread2" daemon [_thread_blocked, id=35620, stack(0x000000001be20000,0x000000001bf20000)]
=>0x000000001b833000 JavaThread "C2 CompilerThread1" daemon [_thread_in_native, id=81764, stack(0x000000001bd20000,0x000000001be20000)]
  0x000000001b82b800 JavaThread "C2 CompilerThread0" daemon [_thread_in_native, id=38252, stack(0x000000001bc20000,0x000000001bd20000)]
  0x000000001b832800 JavaThread "Monitor Ctrl-Break" daemon [_thread_in_native, id=80480, stack(0x000000001bb20000,0x000000001bc20000)]
  0x000000001b576800 JavaThread "Attach Listener" daemon [_thread_blocked, id=88900, stack(0x000000001ba20000,0x000000001bb20000)]
  0x0000000019a50000 JavaThread "Signal Dispatcher" daemon [_thread_blocked, id=61652, stack(0x000000001b920000,0x000000001ba20000)]
  0x0000000019a42000 JavaThread "Finalizer" daemon [_thread_blocked, id=22648, stack(0x000000001b2c0000,0x000000001b3c0000)]
  0x0000000004ee8000 JavaThread "Reference Handler" daemon [_thread_blocked, id=83612, stack(0x000000001b1c0000,0x000000001b2c0000)]
  0x0000000004df5800 JavaThread "main" [_thread_in_vm, id=104504, stack(0x0000000004b10000,0x0000000004c10000)]

Other Threads:
  0x0000000019a17800 VMThread [stack: 0x000000001b0c0000,0x000000001b1c0000] [id=17376]
  0x000000001b913800 WatcherThread [stack: 0x000000001c020000,0x000000001c120000] [id=39340]

VM state:not at safepoint (normal execution)

VM Mutex/Monitor currently owned by a thread: None

Heap:
 PSYoungGen      total 132608K, used 30467K [0x00000000d7100000, 0x00000000e1f00000, 0x0000000100000000)
  eden space 121856K, 25% used [0x00000000d7100000,0x00000000d8ec0f28,0x00000000de800000)
  from space 10752K, 0% used [0x00000000e1480000,0x00000000e1480000,0x00000000e1f00000)
  to   space 10752K, 0% used [0x00000000de800000,0x00000000de800000,0x00000000df280000)
 ParOldGen       total 58880K, used 22246K [0x0000000085200000, 0x0000000088b80000, 0x00000000d7100000)
  object space 58880K, 37% used [0x0000000085200000,0x00000000867b99a8,0x0000000088b80000)
 Metaspace       used 37920K, capacity 38292K, committed 38568K, reserved 1083392K
  class space    used 4880K, capacity 4965K, committed 5032K, reserved 1048576K

Card table byte_map: [0x00000000142b0000,0x0000000014690000] byte_map_base: 0x0000000013e87000

Marking Bits: (ParMarkBitMap*) 0x00000000534808c0
 Begin Bits: [0x0000000014f20000, 0x0000000016dd8000)
 End Bits:   [0x0000000016dd8000, 0x0000000018c90000)

Polling page: 0x0000000002f40000

CodeCache: size=245760Kb used=11667Kb max_used=11667Kb free=234092Kb
 bounds [0x0000000004ef0000, 0x0000000005a70000, 0x0000000013ef0000]
 total_blobs=3631 nmethods=3150 adapters=392
 compilation: enabled

Compilation events (10 events):
Event: 7.003 Thread 0x000000001b834000 3516       3       org.hibernate.validator.internal.util.ConcurrentReferenceHashMap$Segment::<init> (35 bytes)
Event: 7.003 Thread 0x000000001b834000 nmethod 3516 0x0000000005a48110 code [0x0000000005a48300, 0x0000000005a48c50]
Event: 7.003 Thread 0x000000001b82b800 3517       4       java.lang.Exception::<init> (7 bytes)
Event: 7.005 Thread 0x000000001b82b800 nmethod 3517 0x0000000005a47a10 code [0x0000000005a47b80, 0x0000000005a47f48]
Event: 7.006 Thread 0x000000001b834000 3518       3       org.hibernate.validator.internal.metadata.provider.TypeAnnotationAwareMetaDataProvider::getTypeParameter (95 bytes)
Event: 7.006 Thread 0x000000001b82b800 3519       4       org.hibernate.validator.internal.util.ExecutableHelper::overrides (41 bytes)
Event: 7.006 Thread 0x000000001b834000 nmethod 3518 0x0000000005a55090 code [0x0000000005a55360, 0x0000000005a56818]
Event: 7.006 Thread 0x000000001b834000 3520       3       org.hibernate.validator.internal.metadata.aggregated.rule.VoidMethodsMustNotBeReturnValueConstrained::apply (49 bytes)
Event: 7.006 Thread 0x000000001b834000 nmethod 3520 0x0000000005a54710 code [0x0000000005a548c0, 0x0000000005a54ec8]
Event: 7.007 Thread 0x000000001b834000 3521       3       org.hibernate.validator.internal.metadata.aggregated.rule.ReturnValueMayOnlyBeMarkedOnceAsCascadedPerHierarchyLine::apply (56 bytes)

GC Heap History (10 events):
Event: 1.921 GC heap before
{Heap before GC invocations=6 (full 1):
 PSYoungGen      total 68608K, used 5114K [0x00000000d7100000, 0x00000000e0200000, 0x0000000100000000)
  eden space 63488K, 0% used [0x00000000d7100000,0x00000000d7100000,0x00000000daf00000)
  from space 5120K, 99% used [0x00000000daf00000,0x00000000db3feb30,0x00000000db400000)
  to   space 10752K, 0% used [0x00000000df780000,0x00000000df780000,0x00000000e0200000)
 ParOldGen       total 84992K, used 12523K [0x0000000085200000, 0x000000008a500000, 0x00000000d7100000)
  object space 84992K, 14% used [0x0000000085200000,0x0000000085e3acc8,0x000000008a500000)
 Metaspace       used 20928K, capacity 21220K, committed 21296K, reserved 1069056K
  class space    used 2584K, capacity 2669K, committed 2688K, reserved 1048576K
Event: 1.958 GC heap after
Heap after GC invocations=6 (full 1):
 PSYoungGen      total 68608K, used 0K [0x00000000d7100000, 0x00000000e0200000, 0x0000000100000000)
  eden space 63488K, 0% used [0x00000000d7100000,0x00000000d7100000,0x00000000daf00000)
  from space 5120K, 0% used [0x00000000daf00000,0x00000000daf00000,0x00000000db400000)
  to   space 10752K, 0% used [0x00000000df780000,0x00000000df780000,0x00000000e0200000)
 ParOldGen       total 58880K, used 10883K [0x0000000085200000, 0x0000000088b80000, 0x00000000d7100000)
  object space 58880K, 18% used [0x0000000085200000,0x0000000085ca0e40,0x0000000088b80000)
 Metaspace       used 20928K, capacity 21220K, committed 21296K, reserved 1069056K
  class space    used 2584K, capacity 2669K, committed 2688K, reserved 1048576K
}
Event: 4.811 GC heap before
{Heap before GC invocations=7 (full 1):
 PSYoungGen      total 68608K, used 63488K [0x00000000d7100000, 0x00000000e0200000, 0x0000000100000000)
  eden space 63488K, 100% used [0x00000000d7100000,0x00000000daf00000,0x00000000daf00000)
  from space 5120K, 0% used [0x00000000daf00000,0x00000000daf00000,0x00000000db400000)
  to   space 10752K, 0% used [0x00000000df780000,0x00000000df780000,0x00000000e0200000)
 ParOldGen       total 58880K, used 10883K [0x0000000085200000, 0x0000000088b80000, 0x00000000d7100000)
  object space 58880K, 18% used [0x0000000085200000,0x0000000085ca0e40,0x0000000088b80000)
 Metaspace       used 24486K, capacity 24770K, committed 24960K, reserved 1071104K
  class space    used 3085K, capacity 3186K, committed 3200K, reserved 1048576K
Event: 4.816 GC heap after
Heap after GC invocations=7 (full 1):
 PSYoungGen      total 107008K, used 5346K [0x00000000d7100000, 0x00000000dfd00000, 0x0000000100000000)
  eden space 101376K, 0% used [0x00000000d7100000,0x00000000d7100000,0x00000000dd400000)
  from space 5632K, 94% used [0x00000000df780000,0x00000000dfcb8b08,0x00000000dfd00000)
  to   space 10752K, 0% used [0x00000000de800000,0x00000000de800000,0x00000000df280000)
 ParOldGen       total 58880K, used 10891K [0x0000000085200000, 0x0000000088b80000, 0x00000000d7100000)
  object space 58880K, 18% used [0x0000000085200000,0x0000000085ca2e40,0x0000000088b80000)
 Metaspace       used 24486K, capacity 24770K, committed 24960K, reserved 1071104K
  class space    used 3085K, capacity 3186K, committed 3200K, reserved 1048576K
}
Event: 5.868 GC heap before
{Heap before GC invocations=8 (full 1):
 PSYoungGen      total 107008K, used 106722K [0x00000000d7100000, 0x00000000dfd00000, 0x0000000100000000)
  eden space 101376K, 100% used [0x00000000d7100000,0x00000000dd400000,0x00000000dd400000)
  from space 5632K, 94% used [0x00000000df780000,0x00000000dfcb8b08,0x00000000dfd00000)
  to   space 10752K, 0% used [0x00000000de800000,0x00000000de800000,0x00000000df280000)
 ParOldGen       total 58880K, used 10891K [0x0000000085200000, 0x0000000088b80000, 0x00000000d7100000)
  object space 58880K, 18% used [0x0000000085200000,0x0000000085ca2e40,0x0000000088b80000)
 Metaspace       used 28584K, capacity 28964K, committed 29312K, reserved 1075200K
  class space    used 3569K, capacity 3677K, committed 3712K, reserved 1048576K
Event: 5.875 GC heap after
Heap after GC invocations=8 (full 1):
 PSYoungGen      total 132608K, used 8008K [0x00000000d7100000, 0x00000000e1f00000, 0x0000000100000000)
  eden space 121856K, 0% used [0x00000000d7100000,0x00000000d7100000,0x00000000de800000)
  from space 10752K, 74% used [0x00000000de800000,0x00000000defd22f0,0x00000000df280000)
  to   space 10752K, 0% used [0x00000000e1480000,0x00000000e1480000,0x00000000e1f00000)
 ParOldGen       total 58880K, used 10899K [0x0000000085200000, 0x0000000088b80000, 0x00000000d7100000)
  object space 58880K, 18% used [0x0000000085200000,0x0000000085ca4e40,0x0000000088b80000)
 Metaspace       used 28584K, capacity 28964K, committed 29312K, reserved 1075200K
  class space    used 3569K, capacity 3677K, committed 3712K, reserved 1048576K
}
Event: 6.700 GC heap before
{Heap before GC invocations=9 (full 1):
 PSYoungGen      total 132608K, used 102564K [0x00000000d7100000, 0x00000000e1f00000, 0x0000000100000000)
  eden space 121856K, 77% used [0x00000000d7100000,0x00000000dcd57018,0x00000000de800000)
  from space 10752K, 74% used [0x00000000de800000,0x00000000defd22f0,0x00000000df280000)
  to   space 10752K, 0% used [0x00000000e1480000,0x00000000e1480000,0x00000000e1f00000)
 ParOldGen       total 58880K, used 10899K [0x0000000085200000, 0x0000000088b80000, 0x00000000d7100000)
  object space 58880K, 18% used [0x0000000085200000,0x0000000085ca4e40,0x0000000088b80000)
 Metaspace       used 35002K, capacity 35348K, committed 35496K, reserved 1081344K
  class space    used 4443K, capacity 4517K, committed 4520K, reserved 1048576K
Event: 6.710 GC heap after
Heap after GC invocations=9 (full 1):
 PSYoungGen      total 132608K, used 10737K [0x00000000d7100000, 0x00000000e1f00000, 0x0000000100000000)
  eden space 121856K, 0% used [0x00000000d7100000,0x00000000d7100000,0x00000000de800000)
  from space 10752K, 99% used [0x00000000e1480000,0x00000000e1efc490,0x00000000e1f00000)
  to   space 10752K, 0% used [0x00000000de800000,0x00000000de800000,0x00000000df280000)
 ParOldGen       total 58880K, used 13631K [0x0000000085200000, 0x0000000088b80000, 0x00000000d7100000)
  object space 58880K, 23% used [0x0000000085200000,0x0000000085f4fce8,0x0000000088b80000)
 Metaspace       used 35002K, capacity 35348K, committed 35496K, reserved 1081344K
  class space    used 4443K, capacity 4517K, committed 4520K, reserved 1048576K
}
Event: 6.710 GC heap before
{Heap before GC invocations=10 (full 2):
 PSYoungGen      total 132608K, used 10737K [0x00000000d7100000, 0x00000000e1f00000, 0x0000000100000000)
  eden space 121856K, 0% used [0x00000000d7100000,0x00000000d7100000,0x00000000de800000)
  from space 10752K, 99% used [0x00000000e1480000,0x00000000e1efc490,0x00000000e1f00000)
  to   space 10752K, 0% used [0x00000000de800000,0x00000000de800000,0x00000000df280000)
 ParOldGen       total 58880K, used 13631K [0x0000000085200000, 0x0000000088b80000, 0x00000000d7100000)
  object space 58880K, 23% used [0x0000000085200000,0x0000000085f4fce8,0x0000000088b80000)
 Metaspace       used 35002K, capacity 35348K, committed 35496K, reserved 1081344K
  class space    used 4443K, capacity 4517K, committed 4520K, reserved 1048576K
Event: 6.759 GC heap after
Heap after GC invocations=10 (full 2):
 PSYoungGen      total 132608K, used 0K [0x00000000d7100000, 0x00000000e1f00000, 0x0000000100000000)
  eden space 121856K, 0% used [0x00000000d7100000,0x00000000d7100000,0x00000000de800000)
  from space 10752K, 0% used [0x00000000e1480000,0x00000000e1480000,0x00000000e1f00000)
  to   space 10752K, 0% used [0x00000000de800000,0x00000000de800000,0x00000000df280000)
 ParOldGen       total 58880K, used 22246K [0x0000000085200000, 0x0000000088b80000, 0x00000000d7100000)
  object space 58880K, 37% used [0x0000000085200000,0x00000000867b99a8,0x0000000088b80000)
 Metaspace       used 35002K, capacity 35348K, committed 35496K, reserved 1081344K
  class space    used 4443K, capacity 4517K, committed 4520K, reserved 1048576K
}

Deoptimization events (10 events):
Event: 6.865 Thread 0x0000000004df5800 Uncommon trap: reason=unstable_if action=reinterpret pc=0x00000000058c7730 method=java.net.URLClassLoader.getAndVerifyPackage(Ljava/lang/String;Ljava/util/jar/Manifest;Ljava/net/URL;)Ljava/lang/Package; @ 62
Event: 6.904 Thread 0x0000000004df5800 Uncommon trap: reason=class_check action=maybe_recompile pc=0x00000000051dcabc method=java.util.TreeMap.getEntry(Ljava/lang/Object;)Ljava/util/TreeMap$Entry; @ 26
Event: 6.904 Thread 0x0000000004df5800 Uncommon trap: reason=class_check action=maybe_recompile pc=0x00000000051dcabc method=java.util.TreeMap.getEntry(Ljava/lang/Object;)Ljava/util/TreeMap$Entry; @ 26
Event: 6.920 Thread 0x0000000004df5800 Uncommon trap: reason=null_check action=make_not_entrant pc=0x00000000051e4448 method=java.lang.Class.createAnnotationData(I)Ljava/lang/Class$AnnotationData; @ 14
Event: 6.925 Thread 0x0000000004df5800 Uncommon trap: reason=class_check action=maybe_recompile pc=0x00000000051dcabc method=java.util.TreeMap.getEntry(Ljava/lang/Object;)Ljava/util/TreeMap$Entry; @ 26
Event: 6.925 Thread 0x0000000004df5800 Uncommon trap: reason=class_check action=maybe_recompile pc=0x00000000051dcabc method=java.util.TreeMap.getEntry(Ljava/lang/Object;)Ljava/util/TreeMap$Entry; @ 26
Event: 7.006 Thread 0x0000000004df5800 Uncommon trap: reason=class_check action=maybe_recompile pc=0x00000000050ed248 method=org.hibernate.validator.internal.util.ExecutableHelper.overrides(Lorg/hibernate/validator/internal/metadata/raw/ExecutableElement;Lorg/hibernate/validator/internal/metad
Event: 7.006 Thread 0x0000000004df5800 Uncommon trap: reason=class_check action=maybe_recompile pc=0x00000000050ed248 method=org.hibernate.validator.internal.util.ExecutableHelper.overrides(Lorg/hibernate/validator/internal/metadata/raw/ExecutableElement;Lorg/hibernate/validator/internal/metad
Event: 7.006 Thread 0x0000000004df5800 Uncommon trap: reason=class_check action=maybe_recompile pc=0x00000000050ed248 method=org.hibernate.validator.internal.util.ExecutableHelper.overrides(Lorg/hibernate/validator/internal/metadata/raw/ExecutableElement;Lorg/hibernate/validator/internal/metad
Event: 7.006 Thread 0x0000000004df5800 Uncommon trap: reason=class_check action=maybe_recompile pc=0x00000000050ed248 method=org.hibernate.validator.internal.util.ExecutableHelper.overrides(Lorg/hibernate/validator/internal/metadata/raw/ExecutableElement;Lorg/hibernate/validator/internal/metad

Classes redefined (0 events):
No events

Internal exceptions (10 events):
Event: 6.412 Thread 0x0000000004df5800 Exception <a 'java/lang/ClassNotFoundException': org/springframework/context/weaving/LoadTimeWeaverAwareCustomizer> (0x00000000db00a400) thrown at [C:\re\workspace\8-2-build-windows-amd64-cygwin\jdk8u171\10807\hotspot\src\share\vm\classfile\systemDictiona
Event: 6.412 Thread 0x0000000004df5800 Exception <a 'java/lang/ClassNotFoundException': org/springframework/beans/factory/FactoryBeanCustomizer> (0x00000000db01ce50) thrown at [C:\re\workspace\8-2-build-windows-amd64-cygwin\jdk8u171\10807\hotspot\src\share\vm\classfile\systemDictionary.cpp, li
Event: 6.412 Thread 0x0000000004df5800 Exception <a 'java/lang/ClassNotFoundException': org/springframework/beans/factory/BeanClassLoaderAwareCustomizer> (0x00000000db034420) thrown at [C:\re\workspace\8-2-build-windows-amd64-cygwin\jdk8u171\10807\hotspot\src\share\vm\classfile\systemDictionar
Event: 6.412 Thread 0x0000000004df5800 Exception <a 'java/lang/ClassNotFoundException': org/springframework/beans/factory/BeanFactoryAwareCustomizer> (0x00000000db047cc8) thrown at [C:\re\workspace\8-2-build-windows-amd64-cygwin\jdk8u171\10807\hotspot\src\share\vm\classfile\systemDictionary.cp
Event: 6.412 Thread 0x0000000004df5800 Exception <a 'java/lang/ClassNotFoundException': org/springframework/beans/factory/BeanNameAwareCustomizer> (0x00000000db05ae28) thrown at [C:\re\workspace\8-2-build-windows-amd64-cygwin\jdk8u171\10807\hotspot\src\share\vm\classfile\systemDictionary.cpp, 
Event: 6.413 Thread 0x0000000004df5800 Exception <a 'java/lang/ClassNotFoundException': org/springframework/beans/factory/InitializingBeanCustomizer> (0x00000000db06e718) thrown at [C:\re\workspace\8-2-build-windows-amd64-cygwin\jdk8u171\10807\hotspot\src\share\vm\classfile\systemDictionary.cp
Event: 6.413 Thread 0x0000000004df5800 Exception <a 'java/lang/ClassNotFoundException': org/springframework/beans/factory/DisposableBeanCustomizer> (0x00000000db080a60) thrown at [C:\re\workspace\8-2-build-windows-amd64-cygwin\jdk8u171\10807\hotspot\src\share\vm\classfile\systemDictionary.cpp,
Event: 6.413 Thread 0x0000000004df5800 Exception <a 'java/lang/ClassNotFoundException': org/springframework/orm/jpa/EntityManagerFactoryInfoCustomizer> (0x00000000db094040) thrown at [C:\re\workspace\8-2-build-windows-amd64-cygwin\jdk8u171\10807\hotspot\src\share\vm\classfile\systemDictionary.
Event: 6.413 Thread 0x0000000004df5800 Exception <a 'java/lang/ClassNotFoundException': org/springframework/dao/support/PersistenceExceptionTranslatorCustomizer> (0x00000000db0b2d18) thrown at [C:\re\workspace\8-2-build-windows-amd64-cygwin\jdk8u171\10807\hotspot\src\share\vm\classfile\systemD
Event: 6.413 Thread 0x0000000004df5800 Exception <a 'java/lang/ClassNotFoundException': java/io/SerializableCustomizer> (0x00000000db0b9de0) thrown at [C:\re\workspace\8-2-build-windows-amd64-cygwin\jdk8u171\10807\hotspot\src\share\vm\classfile\systemDictionary.cpp, line 210]

Events (10 events):
Event: 7.006 Thread 0x0000000004df5800 DEOPT UNPACKING pc=0x0000000004f3583b sp=0x0000000004c0d928 mode 2
Event: 7.006 Thread 0x0000000004df5800 Uncommon trap: trap_request=0xffffffde fr.pc=0x00000000050ed248
Event: 7.006 Thread 0x0000000004df5800 DEOPT PACKING pc=0x00000000050ed248 sp=0x0000000004c0da20
Event: 7.006 Thread 0x0000000004df5800 DEOPT UNPACKING pc=0x0000000004f3583b sp=0x0000000004c0d9f0 mode 2
Event: 7.006 Thread 0x0000000004df5800 Uncommon trap: trap_request=0xffffffde fr.pc=0x00000000050ed248
Event: 7.006 Thread 0x0000000004df5800 DEOPT PACKING pc=0x00000000050ed248 sp=0x0000000004c0da20
Event: 7.006 Thread 0x0000000004df5800 DEOPT UNPACKING pc=0x0000000004f3583b sp=0x0000000004c0d9f0 mode 2
Event: 7.006 Thread 0x0000000004df5800 Uncommon trap: trap_request=0xffffffde fr.pc=0x00000000050ed248
Event: 7.006 Thread 0x0000000004df5800 DEOPT PACKING pc=0x00000000050ed248 sp=0x0000000004c0d940
Event: 7.006 Thread 0x0000000004df5800 DEOPT UNPACKING pc=0x0000000004f3583b sp=0x0000000004c0d928 mode 2


Dynamic libraries:
0x00007ff66dba0000 - 0x00007ff66dbd7000 	C:\Program Files\Java\jdk1.8.0_171\bin\java.exe
0x00007ff89c180000 - 0x00007ff89c360000 	C:\WINDOWS\SYSTEM32\ntdll.dll
0x00007ff89bf00000 - 0x00007ff89bfae000 	C:\WINDOWS\System32\KERNEL32.DLL
0x00007ff8987d0000 - 0x00007ff898a36000 	C:\WINDOWS\System32\KERNELBASE.dll
0x00007ff89a800000 - 0x00007ff89a8a1000 	C:\WINDOWS\System32\ADVAPI32.dll
0x00007ff899f60000 - 0x00007ff899ffd000 	C:\WINDOWS\System32\msvcrt.dll
0x00007ff89a8b0000 - 0x00007ff89a90b000 	C:\WINDOWS\System32\sechost.dll
0x00007ff89a070000 - 0x00007ff89a18f000 	C:\WINDOWS\System32\RPCRT4.dll
0x00007ff89a240000 - 0x00007ff89a3cf000 	C:\WINDOWS\System32\USER32.dll
0x00007ff898580000 - 0x00007ff8985a0000 	C:\WINDOWS\System32\win32u.dll
0x00007ff89a210000 - 0x00007ff89a238000 	C:\WINDOWS\System32\GDI32.dll
0x00007ff898b40000 - 0x00007ff898cd3000 	C:\WINDOWS\System32\gdi32full.dll
0x00007ff899430000 - 0x00007ff8994cb000 	C:\WINDOWS\System32\msvcp_win.dll
0x00007ff899550000 - 0x00007ff899646000 	C:\WINDOWS\System32\ucrtbase.dll
0x00007ff88fae0000 - 0x00007ff88fd49000 	C:\WINDOWS\WinSxS\amd64_microsoft.windows.common-controls_6595b64144ccf1df_6.0.16299.431_none_15c7d3ee93659e73\COMCTL32.dll
0x00007ff899650000 - 0x00007ff899958000 	C:\WINDOWS\System32\combase.dll
0x00007ff8994d0000 - 0x00007ff899542000 	C:\WINDOWS\System32\bcryptPrimitives.dll
0x00007ff89a910000 - 0x00007ff89a93d000 	C:\WINDOWS\System32\IMM32.DLL
0x0000000053d50000 - 0x0000000053e22000 	C:\Program Files\Java\jdk1.8.0_171\jre\bin\msvcr100.dll
0x0000000052c60000 - 0x0000000053500000 	C:\Program Files\Java\jdk1.8.0_171\jre\bin\server\jvm.dll
0x00007ff89a940000 - 0x00007ff89a948000 	C:\WINDOWS\System32\PSAPI.DLL
0x00007ff8889c0000 - 0x00007ff8889e3000 	C:\WINDOWS\SYSTEM32\WINMM.dll
0x00007ff890660000 - 0x00007ff89066a000 	C:\WINDOWS\SYSTEM32\VERSION.dll
0x00007ff879020000 - 0x00007ff879029000 	C:\WINDOWS\SYSTEM32\WSOCK32.dll
0x00007ff89a000000 - 0x00007ff89a06c000 	C:\WINDOWS\System32\WS2_32.dll
0x00007ff888940000 - 0x00007ff88896a000 	C:\WINDOWS\SYSTEM32\winmmbase.dll
0x00007ff898af0000 - 0x00007ff898b3a000 	C:\WINDOWS\System32\cfgmgr32.dll
0x0000000054fa0000 - 0x0000000054faf000 	C:\Program Files\Java\jdk1.8.0_171\jre\bin\verify.dll
0x0000000054f70000 - 0x0000000054f99000 	C:\Program Files\Java\jdk1.8.0_171\jre\bin\java.dll
0x0000000053ce0000 - 0x0000000053d03000 	C:\Program Files\Java\jdk1.8.0_171\jre\bin\instrument.dll
0x0000000054f50000 - 0x0000000054f66000 	C:\Program Files\Java\jdk1.8.0_171\jre\bin\zip.dll
0x00007ff89a960000 - 0x00007ff89bd98000 	C:\WINDOWS\System32\SHELL32.dll
0x00007ff89be40000 - 0x00007ff89bee6000 	C:\WINDOWS\System32\shcore.dll
0x00007ff898ce0000 - 0x00007ff899427000 	C:\WINDOWS\System32\windows.storage.dll
0x00007ff899960000 - 0x00007ff8999b1000 	C:\WINDOWS\System32\shlwapi.dll
0x00007ff8984d0000 - 0x00007ff8984e1000 	C:\WINDOWS\System32\kernel.appcore.dll
0x00007ff898530000 - 0x00007ff89857c000 	C:\WINDOWS\System32\powrprof.dll
0x00007ff8984f0000 - 0x00007ff89850b000 	C:\WINDOWS\System32\profapi.dll
0x00007ff893570000 - 0x00007ff89358a000 	D:\software\IntelliJ IDEA 2018.1\bin\breakgen64.dll
0x0000000053cc0000 - 0x0000000053cda000 	C:\Program Files\Java\jdk1.8.0_171\jre\bin\net.dll
0x00007ff897d00000 - 0x00007ff897d66000 	C:\WINDOWS\system32\mswsock.dll
0x0000000053c90000 - 0x0000000053c9d000 	C:\Program Files\Java\jdk1.8.0_171\jre\bin\management.dll
0x00007ff88c2d0000 - 0x00007ff88c2e6000 	C:\WINDOWS\system32\napinsp.dll
0x00007ff88c2a0000 - 0x00007ff88c2ba000 	C:\WINDOWS\system32\pnrpnsp.dll
0x00007ff8946e0000 - 0x00007ff8946f8000 	C:\WINDOWS\system32\NLAapi.dll
0x00007ff897ad0000 - 0x00007ff897b86000 	C:\WINDOWS\SYSTEM32\DNSAPI.dll
0x00007ff89a950000 - 0x00007ff89a958000 	C:\WINDOWS\System32\NSI.dll
0x00007ff897a90000 - 0x00007ff897ac9000 	C:\WINDOWS\SYSTEM32\IPHLPAPI.DLL
0x00007ff88c1e0000 - 0x00007ff88c1ee000 	C:\WINDOWS\System32\winrnr.dll
0x00007ff8930b0000 - 0x00007ff8930ba000 	C:\Windows\System32\rasadhlp.dll
0x00007ff8948a0000 - 0x00007ff894910000 	C:\WINDOWS\System32\fwpuclnt.dll
0x00007ff897fd0000 - 0x00007ff897ff5000 	C:\WINDOWS\SYSTEM32\bcrypt.dll
0x0000000053ca0000 - 0x0000000053cb1000 	C:\Program Files\Java\jdk1.8.0_171\jre\bin\nio.dll
0x00007ff897ec0000 - 0x00007ff897ed7000 	C:\WINDOWS\SYSTEM32\CRYPTSP.dll
0x00007ff897900000 - 0x00007ff897933000 	C:\WINDOWS\system32\rsaenh.dll
0x00007ff8983d0000 - 0x00007ff8983f9000 	C:\WINDOWS\SYSTEM32\USERENV.dll
0x00007ff897ee0000 - 0x00007ff897eeb000 	C:\WINDOWS\SYSTEM32\CRYPTBASE.dll
0x00007ff894aa0000 - 0x00007ff894ab6000 	C:\WINDOWS\SYSTEM32\dhcpcsvc6.DLL
0x00007ff894a80000 - 0x00007ff894a9a000 	C:\WINDOWS\SYSTEM32\dhcpcsvc.DLL

VM Arguments:
jvm_args: -javaagent:D:\software\IntelliJ IDEA 2018.1\lib\idea_rt.jar=60728:D:\software\IntelliJ IDEA 2018.1\bin -Dfile.encoding=UTF-8 
java_command: com.bobo.SpringbootJpaApplication
java_class_path (initial): C:\Program Files\Java\jdk1.8.0_171\jre\lib\charsets.jar;C:\Program Files\Java\jdk1.8.0_171\jre\lib\deploy.jar;C:\Program Files\Java\jdk1.8.0_171\jre\lib\ext\access-bridge-64.jar;C:\Program Files\Java\jdk1.8.0_171\jre\lib\ext\cldrdata.jar;C:\Program Files\Java\jdk1.8.0_171\jre\lib\ext\dnsns.jar;C:\Program Files\Java\jdk1.8.0_171\jre\lib\ext\jaccess.jar;C:\Program Files\Java\jdk1.8.0_171\jre\lib\ext\jfxrt.jar;C:\Program Files\Java\jdk1.8.0_171\jre\lib\ext\localedata.jar;C:\Program Files\Java\jdk1.8.0_171\jre\lib\ext\nashorn.jar;C:\Program Files\Java\jdk1.8.0_171\jre\lib\ext\sunec.jar;C:\Program Files\Java\jdk1.8.0_171\jre\lib\ext\sunjce_provider.jar;C:\Program Files\Java\jdk1.8.0_171\jre\lib\ext\sunmscapi.jar;C:\Program Files\Java\jdk1.8.0_171\jre\lib\ext\sunpkcs11.jar;C:\Program Files\Java\jdk1.8.0_171\jre\lib\ext\zipfs.jar;C:\Program Files\Java\jdk1.8.0_171\jre\lib\javaws.jar;C:\Program Files\Java\jdk1.8.0_171\jre\lib\jce.jar;C:\Program Files\Java\jdk1.8.0_171\jre\lib\jfr.jar;C:\Program Files\Java\jdk1.8.0_171\jre\lib\jfxswt.jar;C:\Program Files\Java\jdk1.8.0_171\jre\lib\jsse.jar;C:\Program Files\Java\jdk1.8.0_171\jre\lib\management-agent.jar;C:\Program Files\Java\jdk1.8.0_171\jre\lib\plugin.jar;C:\Program Files\Java\jdk1.8.0_171\jre\lib\resources.jar;C:\Program Files\Java\jdk1.8.0_171\jre\lib\rt.jar;E:\home\spring_boot\SpringBootLearning-master\springboot-jpa\target\classes;E:\work\maven\LocalWareHouse\org\springframework\boot\spring-boot-starter-data-jpa\1.5.2.RELEASE\spring-boot-starter-data-jpa-1.5.2.RELEASE.jar;E:\work\maven\LocalWareHouse\org\springframework\boot\spring-boot-starter\1.5.2.RELEASE\spring-boot-starter-1.5.2.RELEASE.jar;E:\work\maven\LocalWareHouse\org\springframework\boot\spring-boot\1.5.2.RELEASE\spring-boot-1.5.2.RELEASE.jar;E:\work\maven\LocalWareHouse\org\springframework\boot\spring-boot-autoconfigure\1.5.2.RELEASE\spring-boot-autoconfigure-1.5.2.RELEASE.jar;E:\work\maven\LocalWareHouse\org\springframework\boot\s
Launcher Type: SUN_STANDARD

Environment Variables:
JAVA_HOME=C:\Program Files\Java\jdk1.8.0_171
CLASSPATH=.;C:\Program Files\Java\jdk1.8.0_171\lib;C:\Program Files\Java\jdk1.8.0_171\lib\tools.jar
PATH=C:\Program Files (x86)\Common Files\Oracle\Java\javapath;C:\WINDOWS\system32;C:\WINDOWS;C:\WINDOWS\System32\Wbem;C:\WINDOWS\System32\WindowsPowerShell\v1.0\;D:\software\Git\cmd;C:\Program Files\nodejs\;C:\Program Files\TortoiseGit\bin;C:\Program Files\TortoiseSVN\bin;C:\Program Files\VisualSVN Server\bin;C:\Program Files\MySQL\MySQL Server 5.7\bin;D:\freeinstall\apache-maven-3.5.2-bin\apache-maven-3.5.2\bin;C:\Program Files\Java\jdk1.8.0_171\bin;C:\Users\EDZ\AppData\Local\Microsoft\WindowsApps;C:\Users\EDZ\AppData\Roaming\npm
USERNAME=EDZ
OS=Windows_NT
PROCESSOR_IDENTIFIER=Intel64 Family 6 Model 158 Stepping 10, GenuineIntel



---------------  S Y S T E M  ---------------

OS: Windows 10.0 , 64 bit Build 16299 (10.0.16299.431)

CPU:total 6 (initial active 6) (6 cores per cpu, 1 threads per core) family 6 model 158 stepping 10, cmov, cx8, fxsr, mmx, sse, sse2, sse3, ssse3, sse4.1, sse4.2, popcnt, avx, avx2, aes, clmul, erms, 3dnowpref, lzcnt, tsc, tscinvbit, bmi1, bmi2, adx

Memory: 4k page, physical 8050704k(329368k free), swap 22802496k(2552k free)

vm_info: Java HotSpot(TM) 64-Bit Server VM (25.171-b11) for windows-amd64 JRE (1.8.0_171-b11), built on Mar 28 2018 16:06:12 by "java_re" with MS VC++ 10.0 (VS2010)

time: Mon May 21 19:56:21 2018
elapsed time: 7 seconds (0d 0h 0m 7s)

